[36m[DEBUG] Attempting to fetch current external IP from checkip.amazonaws.com
[0m
[36m[DEBUG] Fetched current IP: 109.147.55.5
[0m
[36m[DEBUG] Fetching zone information for domain: cabanaca.com
[0m
[36m[DEBUG] Fetch zone information response:
{
  "result": [
    {
      "id": "7eb84f2418e606ae8b113ff78b2286c5",
      "name": "cabanaca.com",
      "status": "active",
      "paused": false,
      "type": "full",
      "development_mode": 0,
      "name_servers": [
        "jaziel.ns.cloudflare.com",
        "mckinley.ns.cloudflare.com"
      ],
      "original_name_servers": [
        "dns1.registrar-servers.com",
        "dns2.registrar-servers.com"
      ],
      "original_registrar": "namecheap, inc. (id: 1068)",
      "original_dnshost": null,
      "modified_on": "2024-01-01T18:14:45.734780Z",
      "created_on": "2024-01-01T18:08:07.746404Z",
      "activated_on": "2024-01-01T18:14:45.734780Z",
      "vanity_name_servers": [],
      "vanity_name_servers_ips": null,
      "meta": {
        "step": 2,
        "custom_certificate_quota": 0,
        "page_rule_quota": 3,
        "phishing_detected": false
      },
      "owner": {
        "id": null,
        "type": "user",
        "email": null
      },
      "account": {
        "id": "a28dc0ef935c2137ac35e9eaa71c9d52",
        "name": "Jwz.lovell1@gmail.com's Account"
      },
      "tenant": {
        "id": null,
        "name": null
      },
      "tenant_unit": {
        "id": null
      },
      "permissions": [
        "#dns_records:read",
        "#zone:read",
        "#dns_records:edit"
      ],
      "plan": {
        "id": "0feeeeeeeeeeeeeeeeeeeeeeeeeeeeee",
        "name": "Free Website",
        "price": 0,
        "currency": "USD",
        "frequency": "",
        "is_subscribed": false,
        "can_subscribe": false,
        "legacy_id": "free",
        "legacy_discount": false,
        "externally_managed": false
      }
    }
  ],
  "result_info": {
    "page": 1,
    "per_page": 20,
    "total_pages": 1,
    "count": 1,
    "total_count": 1
  },
  "success": true,
  "errors": [],
  "messages": []
}
[0m
[36m[DEBUG] Extracting zone id from response...
[0m
[36m[DEBUG] Fetched zone id: 7eb84f2418e606ae8b113ff78b2286c5
[0m
[36m[DEBUG] Fetching DNS record information for zone id
[0m
[36m[DEBUG] Fetch DNS record response:
{
  "result": [
    {
      "id": "82d962979dc9bd92120d7ac441c696ee",
      "name": "cabanaca.com",
      "type": "TXT",
      "content": "\"v=spf1 include:spf.efwd.registrar-servers.com ~all\"",
      "proxiable": false,
      "proxied": false,
      "ttl": 1,
      "settings": {},
      "meta": {},
      "comment": null,
      "tags": [],
      "created_on": "2024-01-01T18:08:53.115841Z",
      "modified_on": "2024-01-01T18:08:53.115841Z"
    }
  ],
  "success": true,
  "errors": [],
  "messages": [],
  "result_info": {
    "page": 1,
    "per_page": 100,
    "count": 1,
    "total_count": 1,
    "total_pages": 1
  }
}
[0m
[36m[DEBUG] Attempting to extract last IP and DNS ID from response...
[0m
[33m[INFO] Checking if a DNS record already exists for cabanaca.com...
[0m
[33m[INFO] No existing DNS record found for cabanaca.com. Attempting to create one...
[0m
[36m[DEBUG] Creating DNS record with IP: 109.147.55.5
[0m
[36m[DEBUG] Create DNS record response:
{
  "result": {
    "id": "d94fc325e847721688bf19fb2ece11b3",
    "name": "cabanaca.com",
    "type": "A",
    "content": "109.147.55.5",
    "proxiable": true,
    "proxied": false,
    "ttl": 1,
    "settings": {},
    "meta": {},
    "comment": null,
    "tags": [],
    "created_on": "2025-09-17T17:06:40.129969Z",
    "modified_on": "2025-09-17T17:06:40.129969Z"
  },
  "success": true,
  "errors": [],
  "messages": []
}
[0m
[32m[SUCCESS] DNS record created with IP: 109.147.55.5.
[0m
